<?xml version="1.0" encoding="UTF-8"?>
<testng-results skipped="0" failed="0" ignored="0" total="1" passed="1">
  <reporter-output>
  </reporter-output>
  <suite name="Default suite" duration-ms="8875" started-at="2020-05-09T04:34:48 CEST" finished-at="2020-05-09T04:34:57 CEST">
    <groups>
    </groups>
    <test name="Default test" duration-ms="8875" started-at="2020-05-09T04:34:48 CEST" finished-at="2020-05-09T04:34:57 CEST">
      <class name="testCases.Authentification">
        <test-method status="PASS" signature="testLogin()[pri:0, instance:testCases.Authentification@2d6eabae]" name="testLogin" duration-ms="8835" started-at="2020-05-09T04:34:48 CEST" finished-at="2020-05-09T04:34:57 CEST">
          <reporter-output>
          </reporter-output>
        </test-method> <!-- testLogin -->
      </class> <!-- testCases.Authentification -->
    </test> <!-- Default test -->
  </suite> <!-- Default suite -->
</testng-results>
